Exception at PC 0x00007FFA66837788
Exception at PC 0x00007FFA66837788
Unable to capture context for thread 9308 in process 4372, can not generate back trace
Unable to capture context for thread 1824 in process 4372, can not generate back trace
Unable to capture context for thread 7556 in process 4372, can not generate back trace
Unable to capture context for thread 9308 in process 4372, can not generate back trace
Unable to capture context for thread 1824 in process 4372, can not generate back trace
Unable to capture context for thread 7556 in process 4372, can not generate back trace
Exception at PC 0x00007FFA66837788
Exception at PC 0x00007FFA1099BB93
Printing stacktrace...

Exception at PC 0x00007FFA66837788
Exception at PC 0x00007FFA66837788
Exception at PC 0x00007FFA66837788
Exception at PC 0x00007FFA66837788
Exception at PC 0x00007FFA66837788
Exception at PC 0x00007FFA66837788
Exception at PC 0x00007FFA66837788
Exception at PC 0x00007FFA66837788
Exception at PC 0x00007FFA66837788
Exception at PC 0x00007FFA66837788
Exception at PC 0x00007FFA66837788
Exception at PC 0x00007FFA66837788
Exception at PC 0x00007FFA66837788
Exception at PC 0x00007FFA66837788
Exception at PC 0x00007FFA66837788
[0]  [0x00007FFA1099BB93]
[1]  [0x00007FFA1099BB93]
[2]  [0x00007FFA1099B4A1]
[3]  [0x00007FFA1099B3EF]
[4]  [0x00007FFA109819FE]
[5]  [0x00007FFA10980ED1]
[6]  [0x00007FFA10980D76]
[7]  [0x00007FFA109279F6]
[8]  [0x00007FFA10917AFB]
[9]  [0x00007FFA10A3E90A]
[10]  [0x00007FFA10A59F87]
[11]  [0x00007FFA10A5A05F]
[12] (BaseThreadInitThunk+0x14) [0x00007FFA6A268364]
[13] (RtlUserThreadStart+0x21) [0x00007FFA6A5470D1]
Done
Exception at PC 0x00007FFA106A1A52
Attemped to write at address 0x00007FFA3D209BA4
Printing stacktrace...

[0]  [0x00007FFA106A1A52]
[1]  [0x00007FFA106A1A52]
[2]  [0x00007FFA106A1AD4]
[3]  [0x00007FFA107E3FF7]
[4]  [0x00007FFA106C9128]
[5]  [0x00007FFA1097DFB9]
[6]  [0x00007FFA10B4EF23]
[7]  [0x00007FFA10A5B06B]
[8]  [0x00007FFA10A508AF]
[9]  [0x00007FFA10A50A32]
[10] (RtlDeactivateActivationContextUnsafeFast+0x1bf) [0x00007FFA6A50A35F]
[11] (LdrShutdownProcess+0x14b) [0x00007FFA6A4E806B]
[12] (RtlExitUserProcess+0xb4) [0x00007FFA6A4E7D94]
[13] (ExitProcess+0xa) [0x00007FFA6A27CE6A]
[14] (exit+0x85) [0x00007FFA69FAA4A5]
[15] (initterm_e+0x231) [0x00007FFA69FAAB01]
[16]  [0x00000000004014CD]
[17]  [0x000000000040151B]
[18] (BaseThreadInitThunk+0x14) [0x00007FFA6A268364]
[19] (RtlUserThreadStart+0x21) [0x00007FFA6A5470D1]
Done
