Copyright 1986-2017 Xilinx, Inc. All Rights Reserved.
-------------------------------------------------------------------------------------------------------------------------------
| Tool Version : Vivado v.2017.1 (win64) Build 1846317 Fri Apr 14 18:55:03 MDT 2017
| Date         : Mon Oct  9 23:03:01 2017
| Host         : YZ running 64-bit major release  (build 9200)
| Command      : report_methodology -file soc_lite_top_methodology_drc_routed.rpt -rpx soc_lite_top_methodology_drc_routed.rpx
| Design       : soc_lite_top
| Device       : xc7a200tfbg676-2
| Speed File   : -2
| Design State : Routed
-------------------------------------------------------------------------------------------------------------------------------

Report Methodology

Table of Contents
-----------------
1. REPORT SUMMARY
2. REPORT DETAILS

1. REPORT SUMMARY
-----------------
            Netlist: netlist
          Floorplan: design_1
      Design limits: <entire design considered>
             Max violations: <unlimited>
             Violations found: 64
+-----------+----------+--------------------------------------------------------+------------+
| Rule      | Severity | Description                                            | Violations |
+-----------+----------+--------------------------------------------------------+------------+
| SYNTH-10  | Warning  | Wide multiplier                                        | 8          |
| TIMING-18 | Warning  | Missing input or output delay                          | 54         |
| XDCC-1    | Warning  | Scoped Clock constraint overwritten with the same name | 1          |
| XDCC-7    | Warning  | Scoped Clock constraint overwritten on the same source | 1          |
+-----------+----------+--------------------------------------------------------+------------+

2. REPORT DETAILS
-----------------
SYNTH-10#1 Warning
Wide multiplier  
Detected multiplier at cpu/EXE_stage/multiplier_signed/mul_out0 of size 15x18, it is decomposed from a wide multipler into 4 DSP blocks.
Related violations: <none>

SYNTH-10#2 Warning
Wide multiplier  
Detected multiplier at cpu/EXE_stage/multiplier_signed/mul_out0__0 of size 18x18, it is decomposed from a wide multipler into 4 DSP blocks.
Related violations: <none>

SYNTH-10#3 Warning
Wide multiplier  
Detected multiplier at cpu/EXE_stage/multiplier_signed/mul_out_reg__0 of size 15x15, it is decomposed from a wide multipler into 4 DSP blocks.
Related violations: <none>

SYNTH-10#4 Warning
Wide multiplier  
Detected multiplier at cpu/EXE_stage/multiplier_signed/mul_out_reg__2 of size 18x15, it is decomposed from a wide multipler into 4 DSP blocks.
Related violations: <none>

SYNTH-10#5 Warning
Wide multiplier  
Detected multiplier at cpu/EXE_stage/multiplier_unsigned/mul_out0 of size 16x18, it is decomposed from a wide multipler into 4 DSP blocks.
Related violations: <none>

SYNTH-10#6 Warning
Wide multiplier  
Detected multiplier at cpu/EXE_stage/multiplier_unsigned/mul_out0__0 of size 18x18, it is decomposed from a wide multipler into 4 DSP blocks.
Related violations: <none>

SYNTH-10#7 Warning
Wide multiplier  
Detected multiplier at cpu/EXE_stage/multiplier_unsigned/mul_out_reg__0 of size 16x16, it is decomposed from a wide multipler into 4 DSP blocks.
Related violations: <none>

SYNTH-10#8 Warning
Wide multiplier  
Detected multiplier at cpu/EXE_stage/multiplier_unsigned/mul_out_reg__2 of size 18x16, it is decomposed from a wide multipler into 4 DSP blocks.
Related violations: <none>

TIMING-18#1 Warning
Missing input or output delay  
An input delay is missing on btn_key_row[0] relative to clock(s) VIRTUAL_clk_out1_clk_pll 
Related violations: <none>

TIMING-18#2 Warning
Missing input or output delay  
An input delay is missing on btn_key_row[1] relative to clock(s) VIRTUAL_clk_out1_clk_pll 
Related violations: <none>

TIMING-18#3 Warning
Missing input or output delay  
An input delay is missing on btn_key_row[2] relative to clock(s) VIRTUAL_clk_out1_clk_pll 
Related violations: <none>

TIMING-18#4 Warning
Missing input or output delay  
An input delay is missing on btn_key_row[3] relative to clock(s) VIRTUAL_clk_out1_clk_pll 
Related violations: <none>

TIMING-18#5 Warning
Missing input or output delay  
An input delay is missing on btn_step[0] relative to clock(s) VIRTUAL_clk_out1_clk_pll 
Related violations: <none>

TIMING-18#6 Warning
Missing input or output delay  
An input delay is missing on btn_step[1] relative to clock(s) VIRTUAL_clk_out1_clk_pll 
Related violations: <none>

TIMING-18#7 Warning
Missing input or output delay  
An input delay is missing on resetn relative to clock(s) VIRTUAL_clk_out1_clk_pll 
Related violations: <none>

TIMING-18#8 Warning
Missing input or output delay  
An input delay is missing on switch[0] relative to clock(s) VIRTUAL_clk_out1_clk_pll 
Related violations: <none>

TIMING-18#9 Warning
Missing input or output delay  
An input delay is missing on switch[1] relative to clock(s) VIRTUAL_clk_out1_clk_pll 
Related violations: <none>

TIMING-18#10 Warning
Missing input or output delay  
An input delay is missing on switch[2] relative to clock(s) VIRTUAL_clk_out1_clk_pll 
Related violations: <none>

TIMING-18#11 Warning
Missing input or output delay  
An input delay is missing on switch[3] relative to clock(s) VIRTUAL_clk_out1_clk_pll 
Related violations: <none>

TIMING-18#12 Warning
Missing input or output delay  
An input delay is missing on switch[4] relative to clock(s) VIRTUAL_clk_out1_clk_pll 
Related violations: <none>

TIMING-18#13 Warning
Missing input or output delay  
An input delay is missing on switch[5] relative to clock(s) VIRTUAL_clk_out1_clk_pll 
Related violations: <none>

TIMING-18#14 Warning
Missing input or output delay  
An input delay is missing on switch[6] relative to clock(s) VIRTUAL_clk_out1_clk_pll 
Related violations: <none>

TIMING-18#15 Warning
Missing input or output delay  
An input delay is missing on switch[7] relative to clock(s) VIRTUAL_clk_out1_clk_pll 
Related violations: <none>

TIMING-18#16 Warning
Missing input or output delay  
An output delay is missing on btn_key_col[0] relative to clock(s) VIRTUAL_clk_out1_clk_pll 
Related violations: <none>

TIMING-18#17 Warning
Missing input or output delay  
An output delay is missing on btn_key_col[1] relative to clock(s) VIRTUAL_clk_out1_clk_pll 
Related violations: <none>

TIMING-18#18 Warning
Missing input or output delay  
An output delay is missing on btn_key_col[2] relative to clock(s) VIRTUAL_clk_out1_clk_pll 
Related violations: <none>

TIMING-18#19 Warning
Missing input or output delay  
An output delay is missing on btn_key_col[3] relative to clock(s) VIRTUAL_clk_out1_clk_pll 
Related violations: <none>

TIMING-18#20 Warning
Missing input or output delay  
An output delay is missing on led[0] relative to clock(s) VIRTUAL_clk_out1_clk_pll 
Related violations: <none>

TIMING-18#21 Warning
Missing input or output delay  
An output delay is missing on led[10] relative to clock(s) VIRTUAL_clk_out1_clk_pll 
Related violations: <none>

TIMING-18#22 Warning
Missing input or output delay  
An output delay is missing on led[11] relative to clock(s) VIRTUAL_clk_out1_clk_pll 
Related violations: <none>

TIMING-18#23 Warning
Missing input or output delay  
An output delay is missing on led[12] relative to clock(s) VIRTUAL_clk_out1_clk_pll 
Related violations: <none>

TIMING-18#24 Warning
Missing input or output delay  
An output delay is missing on led[13] relative to clock(s) VIRTUAL_clk_out1_clk_pll 
Related violations: <none>

TIMING-18#25 Warning
Missing input or output delay  
An output delay is missing on led[14] relative to clock(s) VIRTUAL_clk_out1_clk_pll 
Related violations: <none>

TIMING-18#26 Warning
Missing input or output delay  
An output delay is missing on led[15] relative to clock(s) VIRTUAL_clk_out1_clk_pll 
Related violations: <none>

TIMING-18#27 Warning
Missing input or output delay  
An output delay is missing on led[1] relative to clock(s) VIRTUAL_clk_out1_clk_pll 
Related violations: <none>

TIMING-18#28 Warning
Missing input or output delay  
An output delay is missing on led[2] relative to clock(s) VIRTUAL_clk_out1_clk_pll 
Related violations: <none>

TIMING-18#29 Warning
Missing input or output delay  
An output delay is missing on led[3] relative to clock(s) VIRTUAL_clk_out1_clk_pll 
Related violations: <none>

TIMING-18#30 Warning
Missing input or output delay  
An output delay is missing on led[4] relative to clock(s) VIRTUAL_clk_out1_clk_pll 
Related violations: <none>

TIMING-18#31 Warning
Missing input or output delay  
An output delay is missing on led[5] relative to clock(s) VIRTUAL_clk_out1_clk_pll 
Related violations: <none>

TIMING-18#32 Warning
Missing input or output delay  
An output delay is missing on led[6] relative to clock(s) VIRTUAL_clk_out1_clk_pll 
Related violations: <none>

TIMING-18#33 Warning
Missing input or output delay  
An output delay is missing on led[7] relative to clock(s) VIRTUAL_clk_out1_clk_pll 
Related violations: <none>

TIMING-18#34 Warning
Missing input or output delay  
An output delay is missing on led[8] relative to clock(s) VIRTUAL_clk_out1_clk_pll 
Related violations: <none>

TIMING-18#35 Warning
Missing input or output delay  
An output delay is missing on led[9] relative to clock(s) VIRTUAL_clk_out1_clk_pll 
Related violations: <none>

TIMING-18#36 Warning
Missing input or output delay  
An output delay is missing on led_rg0[0] relative to clock(s) VIRTUAL_clk_out1_clk_pll 
Related violations: <none>

TIMING-18#37 Warning
Missing input or output delay  
An output delay is missing on led_rg0[1] relative to clock(s) VIRTUAL_clk_out1_clk_pll 
Related violations: <none>

TIMING-18#38 Warning
Missing input or output delay  
An output delay is missing on led_rg1[0] relative to clock(s) VIRTUAL_clk_out1_clk_pll 
Related violations: <none>

TIMING-18#39 Warning
Missing input or output delay  
An output delay is missing on led_rg1[1] relative to clock(s) VIRTUAL_clk_out1_clk_pll 
Related violations: <none>

TIMING-18#40 Warning
Missing input or output delay  
An output delay is missing on num_a_g[0] relative to clock(s) VIRTUAL_clk_out1_clk_pll 
Related violations: <none>

TIMING-18#41 Warning
Missing input or output delay  
An output delay is missing on num_a_g[1] relative to clock(s) VIRTUAL_clk_out1_clk_pll 
Related violations: <none>

TIMING-18#42 Warning
Missing input or output delay  
An output delay is missing on num_a_g[2] relative to clock(s) VIRTUAL_clk_out1_clk_pll 
Related violations: <none>

TIMING-18#43 Warning
Missing input or output delay  
An output delay is missing on num_a_g[3] relative to clock(s) VIRTUAL_clk_out1_clk_pll 
Related violations: <none>

TIMING-18#44 Warning
Missing input or output delay  
An output delay is missing on num_a_g[4] relative to clock(s) VIRTUAL_clk_out1_clk_pll 
Related violations: <none>

TIMING-18#45 Warning
Missing input or output delay  
An output delay is missing on num_a_g[5] relative to clock(s) VIRTUAL_clk_out1_clk_pll 
Related violations: <none>

TIMING-18#46 Warning
Missing input or output delay  
An output delay is missing on num_a_g[6] relative to clock(s) VIRTUAL_clk_out1_clk_pll 
Related violations: <none>

TIMING-18#47 Warning
Missing input or output delay  
An output delay is missing on num_csn[0] relative to clock(s) VIRTUAL_clk_out1_clk_pll 
Related violations: <none>

TIMING-18#48 Warning
Missing input or output delay  
An output delay is missing on num_csn[1] relative to clock(s) VIRTUAL_clk_out1_clk_pll 
Related violations: <none>

TIMING-18#49 Warning
Missing input or output delay  
An output delay is missing on num_csn[2] relative to clock(s) VIRTUAL_clk_out1_clk_pll 
Related violations: <none>

TIMING-18#50 Warning
Missing input or output delay  
An output delay is missing on num_csn[3] relative to clock(s) VIRTUAL_clk_out1_clk_pll 
Related violations: <none>

TIMING-18#51 Warning
Missing input or output delay  
An output delay is missing on num_csn[4] relative to clock(s) VIRTUAL_clk_out1_clk_pll 
Related violations: <none>

TIMING-18#52 Warning
Missing input or output delay  
An output delay is missing on num_csn[5] relative to clock(s) VIRTUAL_clk_out1_clk_pll 
Related violations: <none>

TIMING-18#53 Warning
Missing input or output delay  
An output delay is missing on num_csn[6] relative to clock(s) VIRTUAL_clk_out1_clk_pll 
Related violations: <none>

TIMING-18#54 Warning
Missing input or output delay  
An output delay is missing on num_csn[7] relative to clock(s) VIRTUAL_clk_out1_clk_pll 
Related violations: <none>

XDCC-1#1 Warning
Scoped Clock constraint overwritten with the same name  
A new clock constraint create_clock overrides a previous scoped clock constraint with the same name. It is not recommended to override a scoped (typically an IP) clock constraint and could result in unexpected behaviors.
New: create_clock -period 10.000 -name clk -waveform {0.000 5.000} [get_ports clk] (Source: D:/Xilinx/CA_LAB/lab03/mycpu_verify/run_vivado/soc_lite.xdc (Line: 5))
Previous: create_clock -period 10.000 [get_ports clk] (Source: d:/Xilinx/CA_LAB/lab03/mycpu_verify/rtl/xilinx_ip/clk_pll/clk_pll.xdc (Line: 56))
Related violations: <none>

XDCC-7#1 Warning
Scoped Clock constraint overwritten on the same source  
A new clock constraint create_clock overrides a previous scoped clock constraint defined on the same source. It is not recommended to override a scoped (typically an IP) clock constraint and could result in unexpected behaviors.
New: create_clock -period 10.000 -name clk -waveform {0.000 5.000} [get_ports clk] (Source: D:/Xilinx/CA_LAB/lab03/mycpu_verify/run_vivado/soc_lite.xdc (Line: 5))
Previous: create_clock -period 10.000 [get_ports clk] (Source: d:/Xilinx/CA_LAB/lab03/mycpu_verify/rtl/xilinx_ip/clk_pll/clk_pll.xdc (Line: 56))
Related violations: <none>


