
*** Running vivado
    with args -log divider_signed.vds -m64 -product Vivado -mode batch -messageDb vivado.pb -notrace -source divider_signed.tcl


****** Vivado v2017.1 (64-bit)
  **** SW Build 1846317 on Fri Apr 14 18:55:03 MDT 2017
  **** IP Build 1846188 on Fri Apr 14 20:52:08 MDT 2017
    ** Copyright 1986-2017 Xilinx, Inc. All Rights Reserved.

source divider_signed.tcl -notrace
Starting RTL Elaboration : Time (s): cpu = 00:00:05 ; elapsed = 00:00:06 . Memory (MB): peak = 307.324 ; gain = 81.031
INFO: [Synth 8-638] synthesizing module 'divider_signed' [d:/Xilinx/CA_LAB/lab03/mycpu_verify/run_vivado/mycpu_prj1/mycpu.srcs/sources_1/ip/divider_signed/synth/divider_signed.vhd:73]
INFO: [Synth 8-256] done synthesizing module 'divider_signed' (12#1) [d:/Xilinx/CA_LAB/lab03/mycpu_verify/run_vivado/mycpu_prj1/mycpu.srcs/sources_1/ip/divider_signed/synth/divider_signed.vhd:73]
Finished RTL Elaboration : Time (s): cpu = 00:00:10 ; elapsed = 00:00:11 . Memory (MB): peak = 386.477 ; gain = 160.184
Finished RTL Optimization Phase 1 : Time (s): cpu = 00:00:10 ; elapsed = 00:00:11 . Memory (MB): peak = 386.477 ; gain = 160.184
INFO: [Device 21-403] Loading part xc7a200tfbg676-2
Constraint Validation Runtime : Time (s): cpu = 00:00:00 ; elapsed = 00:00:00.038 . Memory (MB): peak = 695.734 ; gain = 0.000
Finished Constraint Validation : Time (s): cpu = 00:00:23 ; elapsed = 00:00:25 . Memory (MB): peak = 695.734 ; gain = 469.441
Finished Loading Part and Timing Information : Time (s): cpu = 00:00:23 ; elapsed = 00:00:25 . Memory (MB): peak = 695.734 ; gain = 469.441
Finished applying 'set_property' XDC Constraints : Time (s): cpu = 00:00:23 ; elapsed = 00:00:25 . Memory (MB): peak = 695.734 ; gain = 469.441
Finished RTL Optimization Phase 2 : Time (s): cpu = 00:00:24 ; elapsed = 00:00:26 . Memory (MB): peak = 695.734 ; gain = 469.441
Finished Cross Boundary and Area Optimization : Time (s): cpu = 00:00:25 ; elapsed = 00:00:28 . Memory (MB): peak = 695.734 ; gain = 469.441
Finished Applying XDC Timing Constraints : Time (s): cpu = 00:00:36 ; elapsed = 00:00:38 . Memory (MB): peak = 695.734 ; gain = 469.441
Finished Timing Optimization : Time (s): cpu = 00:00:36 ; elapsed = 00:00:39 . Memory (MB): peak = 695.734 ; gain = 469.441
Finished Technology Mapping : Time (s): cpu = 00:00:36 ; elapsed = 00:00:39 . Memory (MB): peak = 695.734 ; gain = 469.441
Finished IO Insertion : Time (s): cpu = 00:00:37 ; elapsed = 00:00:40 . Memory (MB): peak = 695.734 ; gain = 469.441
Finished Renaming Generated Instances : Time (s): cpu = 00:00:37 ; elapsed = 00:00:40 . Memory (MB): peak = 695.734 ; gain = 469.441
Finished Rebuilding User Hierarchy : Time (s): cpu = 00:00:38 ; elapsed = 00:00:41 . Memory (MB): peak = 695.734 ; gain = 469.441
Finished Renaming Generated Ports : Time (s): cpu = 00:00:38 ; elapsed = 00:00:41 . Memory (MB): peak = 695.734 ; gain = 469.441
Finished Handling Custom Attributes : Time (s): cpu = 00:00:38 ; elapsed = 00:00:41 . Memory (MB): peak = 695.734 ; gain = 469.441
Finished Renaming Generated Nets : Time (s): cpu = 00:00:38 ; elapsed = 00:00:41 . Memory (MB): peak = 695.734 ; gain = 469.441

Report Cell Usage: 
+------+--------+------+
|      |Cell    |Count |
+------+--------+------+
|1     |CARRY4  |    32|
|2     |LUT1    |    38|
|3     |LUT2    |   133|
|4     |LUT3    |   298|
|5     |LUT6    |     8|
|6     |MUXCY   |   165|
|7     |MUXF7   |     4|
|8     |SRLC32E |     4|
|9     |XORCY   |   165|
|10    |FDRE    |   913|
|11    |FDSE    |     1|
+------+--------+------+
Finished Writing Synthesis Report : Time (s): cpu = 00:00:38 ; elapsed = 00:00:41 . Memory (MB): peak = 695.734 ; gain = 469.441
synth_design: Time (s): cpu = 00:00:41 ; elapsed = 00:00:43 . Memory (MB): peak = 695.734 ; gain = 469.441
